java.sql.SQLException: Please move the cursor to a data row first!
	at com.hxtt.global.SQLState.SQLException(Unknown Source)
	at com.hxtt.sql.common.e.a(Unknown Source)
	at com.hxtt.sql.common.e.getString(Unknown Source)
	at com.hxtt.sql.common.e.getObject(Unknown Source)
	at dao.ResultSetTableModel.getValueAt(ResultSetTableModel.java:60)
	at java.desktop/javax.swing.JTable.getValueAt(JTable.java:2731)
	at java.desktop/javax.swing.JTable.prepareRenderer(JTable.java:5746)
	at java.desktop/javax.swing.plaf.basic.BasicTableUI.paintCell(BasicTableUI.java:2185)
	at java.desktop/javax.swing.plaf.basic.BasicTableUI.paintCells(BasicTableUI.java:2087)
	at java.desktop/javax.swing.plaf.basic.BasicTableUI.paint(BasicTableUI.java:1883)
	at java.desktop/javax.swing.plaf.ComponentUI.update(ComponentUI.java:161)
	at java.desktop/javax.swing.JComponent.paintComponent(JComponent.java:797)
	at java.desktop/javax.swing.JComponent.paint(JComponent.java:1074)
	at java.desktop/javax.swing.JComponent.paintChildren(JComponent.java:907)
	at java.desktop/javax.swing.JComponent.paint(JComponent.java:1083)
	at java.desktop/javax.swing.JViewport.paint(JViewport.java:737)
	at java.desktop/javax.swing.JComponent.paintChildren(JComponent.java:907)
	at java.desktop/javax.swing.JComponent.paint(JComponent.java:1083)
	at java.desktop/javax.swing.JComponent.paintChildren(JComponent.java:907)
	at java.desktop/javax.swing.JSplitPane.paintChildren(JSplitPane.java:1024)
	at java.desktop/javax.swing.JComponent.paint(JComponent.java:1083)
	at java.desktop/javax.swing.JComponent.paintChildren(JComponent.java:907)
	at java.desktop/javax.swing.JComponent.paint(JComponent.java:1083)
	at java.desktop/javax.swing.JComponent.paintChildren(JComponent.java:907)
	at java.desktop/javax.swing.JComponent.paint(JComponent.java:1083)
	at java.desktop/javax.swing.JComponent.paintToOffscreen(JComponent.java:5255)
	at java.desktop/javax.swing.RepaintManager$PaintManager.paintDoubleBufferedImpl(RepaintManager.java:1633)
	at java.desktop/javax.swing.RepaintManager$PaintManager.paintDoubleBuffered(RepaintManager.java:1608)
	at java.desktop/javax.swing.RepaintManager$PaintManager.paint(RepaintManager.java:1546)
	at java.desktop/javax.swing.RepaintManager.paint(RepaintManager.java:1313)
	at java.desktop/javax.swing.JComponent._paintImmediately(JComponent.java:5203)
	at java.desktop/javax.swing.JComponent.paintImmediately(JComponent.java:5013)
	at java.desktop/javax.swing.RepaintManager$4.run(RepaintManager.java:857)
	at java.desktop/javax.swing.RepaintManager$4.run(RepaintManager.java:840)
	at java.base/java.security.AccessController.doPrivileged(Native Method)
	at java.base/java.security.ProtectionDomain$JavaSecurityAccessImpl.doIntersectionPrivilege(ProtectionDomain.java:87)
	at java.desktop/javax.swing.RepaintManager.paintDirtyRegions(RepaintManager.java:840)
	at java.desktop/javax.swing.RepaintManager.paintDirtyRegions(RepaintManager.java:815)
	at java.desktop/javax.swing.RepaintManager.prePaintDirtyRegions(RepaintManager.java:764)
	at java.desktop/javax.swing.RepaintManager.access$1200(RepaintManager.java:69)
	at java.desktop/javax.swing.RepaintManager$ProcessingRunnable.run(RepaintManager.java:1880)
	at java.desktop/java.awt.event.InvocationEvent.dispatch(InvocationEvent.java:313)
	at java.desktop/java.awt.EventQueue.dispatchEventImpl(EventQueue.java:770)
	at java.desktop/java.awt.EventQueue.access$600(EventQueue.java:97)
	at java.desktop/java.awt.EventQueue$4.run(EventQueue.java:721)
	at java.desktop/java.awt.EventQueue$4.run(EventQueue.java:715)
	at java.base/java.security.AccessController.doPrivileged(Native Method)
	at java.base/java.security.ProtectionDomain$JavaSecurityAccessImpl.doIntersectionPrivilege(ProtectionDomain.java:87)
	at java.desktop/java.awt.EventQueue.dispatchEvent(EventQueue.java:740)
	at java.desktop/java.awt.EventDispatchThread.pumpOneEventForFilters(EventDispatchThread.java:203)
	at java.desktop/java.awt.EventDispatchThread.pumpEventsForFilter(EventDispatchThread.java:124)
	at java.desktop/java.awt.EventDispatchThread.pumpEventsForHierarchy(EventDispatchThread.java:113)
	at java.desktop/java.awt.EventDispatchThread.pumpEvents(EventDispatchThread.java:109)
	at java.desktop/java.awt.EventDispatchThread.pumpEvents(EventDispatchThread.java:101)
	at java.desktop/java.awt.EventDispatchThread.run(EventDispatchThread.java:90)
java.sql.SQLException: Please move the cursor to a data row first!
	at com.hxtt.global.SQLState.SQLException(Unknown Source)
	at com.hxtt.sql.common.e.a(Unknown Source)
	at com.hxtt.sql.common.e.getString(Unknown Source)
	at com.hxtt.sql.common.e.getObject(Unknown Source)
	at dao.ResultSetTableModel.getValueAt(ResultSetTableModel.java:60)
	at java.desktop/javax.swing.JTable.getValueAt(JTable.java:2731)
	at java.desktop/javax.swing.JTable.prepareRenderer(JTable.java:5746)
	at java.desktop/javax.swing.plaf.basic.BasicTableUI.paintCell(BasicTableUI.java:2185)
	at java.desktop/javax.swing.plaf.basic.BasicTableUI.paintCells(BasicTableUI.java:2087)
	at java.desktop/javax.swing.plaf.basic.BasicTableUI.paint(BasicTableUI.java:1883)
	at java.desktop/javax.swing.plaf.ComponentUI.update(ComponentUI.java:161)
	at java.desktop/javax.swing.JComponent.paintComponent(JComponent.java:797)
	at java.desktop/javax.swing.JComponent.paint(JComponent.java:1074)
	at java.desktop/javax.swing.JComponent.paintChildren(JComponent.java:907)
	at java.desktop/javax.swing.JComponent.paint(JComponent.java:1083)
	at java.desktop/javax.swing.JViewport.paint(JViewport.java:737)
	at java.desktop/javax.swing.JComponent.paintChildren(JComponent.java:907)
	at java.desktop/javax.swing.JComponent.paint(JComponent.java:1083)
	at java.desktop/javax.swing.JComponent.paintChildren(JComponent.java:907)
	at java.desktop/javax.swing.JSplitPane.paintChildren(JSplitPane.java:1024)
	at java.desktop/javax.swing.JComponent.paint(JComponent.java:1083)
	at java.desktop/javax.swing.JComponent.paintChildren(JComponent.java:907)
	at java.desktop/javax.swing.JComponent.paint(JComponent.java:1083)
	at java.desktop/javax.swing.JComponent.paintChildren(JComponent.java:907)
	at java.desktop/javax.swing.JComponent.paint(JComponent.java:1083)
	at java.desktop/javax.swing.JComponent.paintToOffscreen(JComponent.java:5255)
	at java.desktop/javax.swing.RepaintManager$PaintManager.paintDoubleBufferedImpl(RepaintManager.java:1633)
	at java.desktop/javax.swing.RepaintManager$PaintManager.paintDoubleBuffered(RepaintManager.java:1608)
	at java.desktop/javax.swing.RepaintManager$PaintManager.paint(RepaintManager.java:1546)
	at java.desktop/javax.swing.RepaintManager.paint(RepaintManager.java:1313)
	at java.desktop/javax.swing.JComponent._paintImmediately(JComponent.java:5203)
	at java.desktop/javax.swing.JComponent.paintImmediately(JComponent.java:5013)
	at java.desktop/javax.swing.RepaintManager$4.run(RepaintManager.java:857)
	at java.desktop/javax.swing.RepaintManager$4.run(RepaintManager.java:840)
	at java.base/java.security.AccessController.doPrivileged(Native Method)
	at java.base/java.security.ProtectionDomain$JavaSecurityAccessImpl.doIntersectionPrivilege(ProtectionDomain.java:87)
	at java.desktop/javax.swing.RepaintManager.paintDirtyRegions(RepaintManager.java:840)
	at java.desktop/javax.swing.RepaintManager.paintDirtyRegions(RepaintManager.java:815)
	at java.desktop/javax.swing.RepaintManager.prePaintDirtyRegions(RepaintManager.java:764)
	at java.desktop/javax.swing.RepaintManager.access$1200(RepaintManager.java:69)
	at java.desktop/javax.swing.RepaintManager$ProcessingRunnable.run(RepaintManager.java:1880)
	at java.desktop/java.awt.event.InvocationEvent.dispatch(InvocationEvent.java:313)
	at java.desktop/java.awt.EventQueue.dispatchEventImpl(EventQueue.java:770)
	at java.desktop/java.awt.EventQueue.access$600(EventQueue.java:97)
	at java.desktop/java.awt.EventQueue$4.run(EventQueue.java:721)
	at java.desktop/java.awt.EventQueue$4.run(EventQueue.java:715)
	at java.base/java.security.AccessController.doPrivileged(Native Method)
	at java.base/java.security.ProtectionDomain$JavaSecurityAccessImpl.doIntersectionPrivilege(ProtectionDomain.java:87)
	at java.desktop/java.awt.EventQueue.dispatchEvent(EventQueue.java:740)
	at java.desktop/java.awt.EventDispatchThread.pumpOneEventForFilters(EventDispatchThread.java:203)
	at java.desktop/java.awt.EventDispatchThread.pumpEventsForFilter(EventDispatchThread.java:124)
	at java.desktop/java.awt.EventDispatchThread.pumpEventsForHierarchy(EventDispatchThread.java:113)
	at java.desktop/java.awt.EventDispatchThread.pumpEvents(EventDispatchThread.java:109)
	at java.desktop/java.awt.EventDispatchThread.pumpEvents(EventDispatchThread.java:101)
	at java.desktop/java.awt.EventDispatchThread.run(EventDispatchThread.java:90)
java.sql.SQLException: Please move the cursor to a data row first!
	at com.hxtt.global.SQLState.SQLException(Unknown Source)
	at com.hxtt.sql.common.e.a(Unknown Source)
	at com.hxtt.sql.common.e.getString(Unknown Source)
	at com.hxtt.sql.common.e.getObject(Unknown Source)
	at dao.ResultSetTableModel.getValueAt(ResultSetTableModel.java:60)
	at java.desktop/javax.swing.JTable.getValueAt(JTable.java:2731)
	at java.desktop/javax.swing.JTable.prepareRenderer(JTable.java:5746)
	at java.desktop/javax.swing.plaf.basic.BasicTableUI.paintCell(BasicTableUI.java:2185)
	at java.desktop/javax.swing.plaf.basic.BasicTableUI.paintCells(BasicTableUI.java:2087)
	at java.desktop/javax.swing.plaf.basic.BasicTableUI.paint(BasicTableUI.java:1883)
	at java.desktop/javax.swing.plaf.ComponentUI.update(ComponentUI.java:161)
	at java.desktop/javax.swing.JComponent.paintComponent(JComponent.java:797)
	at java.desktop/javax.swing.JComponent.paint(JComponent.java:1074)
	at java.desktop/javax.swing.JComponent.paintChildren(JComponent.java:907)
	at java.desktop/javax.swing.JComponent.paint(JComponent.java:1083)
	at java.desktop/javax.swing.JViewport.paint(JViewport.java:737)
	at java.desktop/javax.swing.JComponent.paintChildren(JComponent.java:907)
	at java.desktop/javax.swing.JComponent.paint(JComponent.java:1083)
	at java.desktop/javax.swing.JComponent.paintChildren(JComponent.java:907)
	at java.desktop/javax.swing.JSplitPane.paintChildren(JSplitPane.java:1024)
	at java.desktop/javax.swing.JComponent.paint(JComponent.java:1083)
	at java.desktop/javax.swing.JComponent.paintChildren(JComponent.java:907)
	at java.desktop/javax.swing.JComponent.paint(JComponent.java:1083)
	at java.desktop/javax.swing.JComponent.paintChildren(JComponent.java:907)
	at java.desktop/javax.swing.JComponent.paint(JComponent.java:1083)
	at java.desktop/javax.swing.JComponent.paintToOffscreen(JComponent.java:5255)
	at java.desktop/javax.swing.RepaintManager$PaintManager.paintDoubleBufferedImpl(RepaintManager.java:1633)
	at java.desktop/javax.swing.RepaintManager$PaintManager.paintDoubleBuffered(RepaintManager.java:1608)
	at java.desktop/javax.swing.RepaintManager$PaintManager.paint(RepaintManager.java:1546)
	at java.desktop/javax.swing.RepaintManager.paint(RepaintManager.java:1313)
	at java.desktop/javax.swing.JComponent._paintImmediately(JComponent.java:5203)
	at java.desktop/javax.swing.JComponent.paintImmediately(JComponent.java:5013)
	at java.desktop/javax.swing.RepaintManager$4.run(RepaintManager.java:857)
	at java.desktop/javax.swing.RepaintManager$4.run(RepaintManager.java:840)
	at java.base/java.security.AccessController.doPrivileged(Native Method)
	at java.base/java.security.ProtectionDomain$JavaSecurityAccessImpl.doIntersectionPrivilege(ProtectionDomain.java:87)
	at java.desktop/javax.swing.RepaintManager.paintDirtyRegions(RepaintManager.java:840)
	at java.desktop/javax.swing.RepaintManager.paintDirtyRegions(RepaintManager.java:815)
	at java.desktop/javax.swing.RepaintManager.prePaintDirtyRegions(RepaintManager.java:764)
	at java.desktop/javax.swing.RepaintManager.access$1200(RepaintManager.java:69)
	at java.desktop/javax.swing.RepaintManager$ProcessingRunnable.run(RepaintManager.java:1880)
	at java.desktop/java.awt.event.InvocationEvent.dispatch(InvocationEvent.java:313)
	at java.desktop/java.awt.EventQueue.dispatchEventImpl(EventQueue.java:770)
	at java.desktop/java.awt.EventQueue.access$600(EventQueue.java:97)
	at java.desktop/java.awt.EventQueue$4.run(EventQueue.java:721)
	at java.desktop/java.awt.EventQueue$4.run(EventQueue.java:715)
	at java.base/java.security.AccessController.doPrivileged(Native Method)
	at java.base/java.security.ProtectionDomain$JavaSecurityAccessImpl.doIntersectionPrivilege(ProtectionDomain.java:87)
	at java.desktop/java.awt.EventQueue.dispatchEvent(EventQueue.java:740)
	at java.desktop/java.awt.EventDispatchThread.pumpOneEventForFilters(EventDispatchThread.java:203)
	at java.desktop/java.awt.EventDispatchThread.pumpEventsForFilter(EventDispatchThread.java:124)
	at java.desktop/java.awt.EventDispatchThread.pumpEventsForHierarchy(EventDispatchThread.java:113)
	at java.desktop/java.awt.EventDispatchThread.pumpEvents(EventDispatchThread.java:109)
	at java.desktop/java.awt.EventDispatchThread.pumpEvents(EventDispatchThread.java:101)
	at java.desktop/java.awt.EventDispatchThread.run(EventDispatchThread.java:90)
java.sql.SQLException: Please move the cursor to a data row first!
	at com.hxtt.global.SQLState.SQLException(Unknown Source)
	at com.hxtt.sql.common.e.a(Unknown Source)
	at com.hxtt.sql.common.e.getString(Unknown Source)
	at com.hxtt.sql.common.e.getObject(Unknown Source)
	at dao.ResultSetTableModel.getValueAt(ResultSetTableModel.java:60)
	at java.desktop/javax.swing.JTable.getValueAt(JTable.java:2731)
	at java.desktop/javax.swing.JTable.prepareRenderer(JTable.java:5746)
	at java.desktop/javax.swing.plaf.basic.BasicTableUI.paintCell(BasicTableUI.java:2185)
	at java.desktop/javax.swing.plaf.basic.BasicTableUI.paintCells(BasicTableUI.java:2087)
	at java.desktop/javax.swing.plaf.basic.BasicTableUI.paint(BasicTableUI.java:1883)
	at java.desktop/javax.swing.plaf.ComponentUI.update(ComponentUI.java:161)
	at java.desktop/javax.swing.JComponent.paintComponent(JComponent.java:797)
	at java.desktop/javax.swing.JComponent.paint(JComponent.java:1074)
	at java.desktop/javax.swing.JComponent.paintChildren(JComponent.java:907)
	at java.desktop/javax.swing.JComponent.paint(JComponent.java:1083)
	at java.desktop/javax.swing.JViewport.paint(JViewport.java:737)
	at java.desktop/javax.swing.JComponent.paintChildren(JComponent.java:907)
	at java.desktop/javax.swing.JComponent.paint(JComponent.java:1083)
	at java.desktop/javax.swing.JComponent.paintChildren(JComponent.java:907)
	at java.desktop/javax.swing.JSplitPane.paintChildren(JSplitPane.java:1024)
	at java.desktop/javax.swing.JComponent.paint(JComponent.java:1083)
	at java.desktop/javax.swing.JComponent.paintChildren(JComponent.java:907)
	at java.desktop/javax.swing.JComponent.paint(JComponent.java:1083)
	at java.desktop/javax.swing.JComponent.paintChildren(JComponent.java:907)
	at java.desktop/javax.swing.JComponent.paint(JComponent.java:1083)
	at java.desktop/javax.swing.JComponent.paintToOffscreen(JComponent.java:5255)
	at java.desktop/javax.swing.RepaintManager$PaintManager.paintDoubleBufferedImpl(RepaintManager.java:1633)
	at java.desktop/javax.swing.RepaintManager$PaintManager.paintDoubleBuffered(RepaintManager.java:1608)
	at java.desktop/javax.swing.RepaintManager$PaintManager.paint(RepaintManager.java:1546)
	at java.desktop/javax.swing.RepaintManager.paint(RepaintManager.java:1313)
	at java.desktop/javax.swing.JComponent._paintImmediately(JComponent.java:5203)
	at java.desktop/javax.swing.JComponent.paintImmediately(JComponent.java:5013)
	at java.desktop/javax.swing.RepaintManager$4.run(RepaintManager.java:857)
	at java.desktop/javax.swing.RepaintManager$4.run(RepaintManager.java:840)
	at java.base/java.security.AccessController.doPrivileged(Native Method)
	at java.base/java.security.ProtectionDomain$JavaSecurityAccessImpl.doIntersectionPrivilege(ProtectionDomain.java:87)
	at java.desktop/javax.swing.RepaintManager.paintDirtyRegions(RepaintManager.java:840)
	at java.desktop/javax.swing.RepaintManager.paintDirtyRegions(RepaintManager.java:815)
	at java.desktop/javax.swing.RepaintManager.prePaintDirtyRegions(RepaintManager.java:764)
	at java.desktop/javax.swing.RepaintManager.access$1200(RepaintManager.java:69)
	at java.desktop/javax.swing.RepaintManager$ProcessingRunnable.run(RepaintManager.java:1880)
	at java.desktop/java.awt.event.InvocationEvent.dispatch(InvocationEvent.java:313)
	at java.desktop/java.awt.EventQueue.dispatchEventImpl(EventQueue.java:770)
	at java.desktop/java.awt.EventQueue.access$600(EventQueue.java:97)
	at java.desktop/java.awt.EventQueue$4.run(EventQueue.java:721)
	at java.desktop/java.awt.EventQueue$4.run(EventQueue.java:715)
	at java.base/java.security.AccessController.doPrivileged(Native Method)
	at java.base/java.security.ProtectionDomain$JavaSecurityAccessImpl.doIntersectionPrivilege(ProtectionDomain.java:87)
	at java.desktop/java.awt.EventQueue.dispatchEvent(EventQueue.java:740)
	at java.desktop/java.awt.EventDispatchThread.pumpOneEventForFilters(EventDispatchThread.java:203)
	at java.desktop/java.awt.EventDispatchThread.pumpEventsForFilter(EventDispatchThread.java:124)
	at java.desktop/java.awt.EventDispatchThread.pumpEventsForHierarchy(EventDispatchThread.java:113)
	at java.desktop/java.awt.EventDispatchThread.pumpEvents(EventDispatchThread.java:109)
	at java.desktop/java.awt.EventDispatchThread.pumpEvents(EventDispatchThread.java:101)
	at java.desktop/java.awt.EventDispatchThread.run(EventDispatchThread.java:90)
java.sql.SQLException: Please move the cursor to a data row first!
	at com.hxtt.global.SQLState.SQLException(Unknown Source)
	at com.hxtt.sql.common.e.a(Unknown Source)
	at com.hxtt.sql.common.e.getString(Unknown Source)
	at com.hxtt.sql.common.e.getObject(Unknown Source)
	at dao.ResultSetTableModel.getValueAt(ResultSetTableModel.java:60)
	at java.desktop/javax.swing.JTable.getValueAt(JTable.java:2731)
	at java.desktop/javax.swing.JTable.prepareRenderer(JTable.java:5746)
	at java.desktop/javax.swing.plaf.basic.BasicTableUI.paintCell(BasicTableUI.java:2185)
	at java.desktop/javax.swing.plaf.basic.BasicTableUI.paintCells(BasicTableUI.java:2087)
	at java.desktop/javax.swing.plaf.basic.BasicTableUI.paint(BasicTableUI.java:1883)
	at java.desktop/javax.swing.plaf.ComponentUI.update(ComponentUI.java:161)
	at java.desktop/javax.swing.JComponent.paintComponent(JComponent.java:797)
	at java.desktop/javax.swing.JComponent.paint(JComponent.java:1074)
	at java.desktop/javax.swing.JComponent.paintChildren(JComponent.java:907)
	at java.desktop/javax.swing.JComponent.paint(JComponent.java:1083)
	at java.desktop/javax.swing.JViewport.paint(JViewport.java:737)
	at java.desktop/javax.swing.JComponent.paintChildren(JComponent.java:907)
	at java.desktop/javax.swing.JComponent.paint(JComponent.java:1083)
	at java.desktop/javax.swing.JComponent.paintChildren(JComponent.java:907)
	at java.desktop/javax.swing.JSplitPane.paintChildren(JSplitPane.java:1024)
	at java.desktop/javax.swing.JComponent.paint(JComponent.java:1083)
	at java.desktop/javax.swing.JComponent.paintChildren(JComponent.java:907)
	at java.desktop/javax.swing.JComponent.paint(JComponent.java:1083)
	at java.desktop/javax.swing.JComponent.paintChildren(JComponent.java:907)
	at java.desktop/javax.swing.JComponent.paint(JComponent.java:1083)
	at java.desktop/javax.swing.JComponent.paintToOffscreen(JComponent.java:5255)
	at java.desktop/javax.swing.RepaintManager$PaintManager.paintDoubleBufferedImpl(RepaintManager.java:1633)
	at java.desktop/javax.swing.RepaintManager$PaintManager.paintDoubleBuffered(RepaintManager.java:1608)
	at java.desktop/javax.swing.RepaintManager$PaintManager.paint(RepaintManager.java:1546)
	at java.desktop/javax.swing.RepaintManager.paint(RepaintManager.java:1313)
	at java.desktop/javax.swing.JComponent._paintImmediately(JComponent.java:5203)
	at java.desktop/javax.swing.JComponent.paintImmediately(JComponent.java:5013)
	at java.desktop/javax.swing.RepaintManager$4.run(RepaintManager.java:857)
	at java.desktop/javax.swing.RepaintManager$4.run(RepaintManager.java:840)
	at java.base/java.security.AccessController.doPrivileged(Native Method)
	at java.base/java.security.ProtectionDomain$JavaSecurityAccessImpl.doIntersectionPrivilege(ProtectionDomain.java:87)
	at java.desktop/javax.swing.RepaintManager.paintDirtyRegions(RepaintManager.java:840)
	at java.desktop/javax.swing.RepaintManager.paintDirtyRegions(RepaintManager.java:815)
	at java.desktop/javax.swing.RepaintManager.prePaintDirtyRegions(RepaintManager.java:764)
	at java.desktop/javax.swing.RepaintManager.access$1200(RepaintManager.java:69)
	at java.desktop/javax.swing.RepaintManager$ProcessingRunnable.run(RepaintManager.java:1880)
	at java.desktop/java.awt.event.InvocationEvent.dispatch(InvocationEvent.java:313)
	at java.desktop/java.awt.EventQueue.dispatchEventImpl(EventQueue.java:770)
	at java.desktop/java.awt.EventQueue.access$600(EventQueue.java:97)
	at java.desktop/java.awt.EventQueue$4.run(EventQueue.java:721)
	at java.desktop/java.awt.EventQueue$4.run(EventQueue.java:715)
	at java.base/java.security.AccessController.doPrivileged(Native Method)
	at java.base/java.security.ProtectionDomain$JavaSecurityAccessImpl.doIntersectionPrivilege(ProtectionDomain.java:87)
	at java.desktop/java.awt.EventQueue.dispatchEvent(EventQueue.java:740)
	at java.desktop/java.awt.EventDispatchThread.pumpOneEventForFilters(EventDispatchThread.java:203)
	at java.desktop/java.awt.EventDispatchThread.pumpEventsForFilter(EventDispatchThread.java:124)
	at java.desktop/java.awt.EventDispatchThread.pumpEventsForHierarchy(EventDispatchThread.java:113)
	at java.desktop/java.awt.EventDispatchThread.pumpEvents(EventDispatchThread.java:109)
	at java.desktop/java.awt.EventDispatchThread.pumpEvents(EventDispatchThread.java:101)
	at java.desktop/java.awt.EventDispatchThread.run(EventDispatchThread.java:90)
java.sql.SQLException: Please move the cursor to a data row first!
	at com.hxtt.global.SQLState.SQLException(Unknown Source)
	at com.hxtt.sql.common.e.a(Unknown Source)
	at com.hxtt.sql.common.e.getString(Unknown Source)
	at com.hxtt.sql.common.e.getObject(Unknown Source)
	at dao.ResultSetTableModel.getValueAt(ResultSetTableModel.java:60)
	at java.desktop/javax.swing.JTable.getValueAt(JTable.java:2731)
	at java.desktop/javax.swing.JTable.prepareRenderer(JTable.java:5746)
	at java.desktop/javax.swing.plaf.basic.BasicTableUI.paintCell(BasicTableUI.java:2185)
	at java.desktop/javax.swing.plaf.basic.BasicTableUI.paintCells(BasicTableUI.java:2087)
	at java.desktop/javax.swing.plaf.basic.BasicTableUI.paint(BasicTableUI.java:1883)
	at java.desktop/javax.swing.plaf.ComponentUI.update(ComponentUI.java:161)
	at java.desktop/javax.swing.JComponent.paintComponent(JComponent.java:797)
	at java.desktop/javax.swing.JComponent.paint(JComponent.java:1074)
	at java.desktop/javax.swing.JComponent.paintChildren(JComponent.java:907)
	at java.desktop/javax.swing.JComponent.paint(JComponent.java:1083)
	at java.desktop/javax.swing.JViewport.paint(JViewport.java:737)
	at java.desktop/javax.swing.JComponent.paintChildren(JComponent.java:907)
	at java.desktop/javax.swing.JComponent.paint(JComponent.java:1083)
	at java.desktop/javax.swing.JComponent.paintChildren(JComponent.java:907)
	at java.desktop/javax.swing.JSplitPane.paintChildren(JSplitPane.java:1024)
	at java.desktop/javax.swing.JComponent.paint(JComponent.java:1083)
	at java.desktop/javax.swing.JComponent.paintChildren(JComponent.java:907)
	at java.desktop/javax.swing.JComponent.paint(JComponent.java:1083)
	at java.desktop/javax.swing.JComponent.paintChildren(JComponent.java:907)
	at java.desktop/javax.swing.JComponent.paint(JComponent.java:1083)
	at java.desktop/javax.swing.JComponent.paintToOffscreen(JComponent.java:5255)
	at java.desktop/javax.swing.RepaintManager$PaintManager.paintDoubleBufferedImpl(RepaintManager.java:1633)
	at java.desktop/javax.swing.RepaintManager$PaintManager.paintDoubleBuffered(RepaintManager.java:1608)
	at java.desktop/javax.swing.RepaintManager$PaintManager.paint(RepaintManager.java:1546)
	at java.desktop/javax.swing.RepaintManager.paint(RepaintManager.java:1313)
	at java.desktop/javax.swing.JComponent._paintImmediately(JComponent.java:5203)
	at java.desktop/javax.swing.JComponent.paintImmediately(JComponent.java:5013)
	at java.desktop/javax.swing.RepaintManager$4.run(RepaintManager.java:857)
	at java.desktop/javax.swing.RepaintManager$4.run(RepaintManager.java:840)
	at java.base/java.security.AccessController.doPrivileged(Native Method)
	at java.base/java.security.ProtectionDomain$JavaSecurityAccessImpl.doIntersectionPrivilege(ProtectionDomain.java:87)
	at java.desktop/javax.swing.RepaintManager.paintDirtyRegions(RepaintManager.java:840)
	at java.desktop/javax.swing.RepaintManager.paintDirtyRegions(RepaintManager.java:815)
	at java.desktop/javax.swing.RepaintManager.prePaintDirtyRegions(RepaintManager.java:764)
	at java.desktop/javax.swing.RepaintManager.access$1200(RepaintManager.java:69)
	at java.desktop/javax.swing.RepaintManager$ProcessingRunnable.run(RepaintManager.java:1880)
	at java.desktop/java.awt.event.InvocationEvent.dispatch(InvocationEvent.java:313)
	at java.desktop/java.awt.EventQueue.dispatchEventImpl(EventQueue.java:770)
	at java.desktop/java.awt.EventQueue.access$600(EventQueue.java:97)
	at java.desktop/java.awt.EventQueue$4.run(EventQueue.java:721)
	at java.desktop/java.awt.EventQueue$4.run(EventQueue.java:715)
	at java.base/java.security.AccessController.doPrivileged(Native Method)
	at java.base/java.security.ProtectionDomain$JavaSecurityAccessImpl.doIntersectionPrivilege(ProtectionDomain.java:87)
	at java.desktop/java.awt.EventQueue.dispatchEvent(EventQueue.java:740)
	at java.desktop/java.awt.EventDispatchThread.pumpOneEventForFilters(EventDispatchThread.java:203)
	at java.desktop/java.awt.EventDispatchThread.pumpEventsForFilter(EventDispatchThread.java:124)
	at java.desktop/java.awt.EventDispatchThread.pumpEventsForHierarchy(EventDispatchThread.java:113)
	at java.desktop/java.awt.EventDispatchThread.pumpEvents(EventDispatchThread.java:109)
	at java.desktop/java.awt.EventDispatchThread.pumpEvents(EventDispatchThread.java:101)
	at java.desktop/java.awt.EventDispatchThread.run(EventDispatchThread.java:90)
java.sql.SQLException: Please move the cursor to a data row first!
	at com.hxtt.global.SQLState.SQLException(Unknown Source)
	at com.hxtt.sql.common.e.a(Unknown Source)
	at com.hxtt.sql.common.e.getString(Unknown Source)
	at com.hxtt.sql.common.e.getObject(Unknown Source)
	at dao.ResultSetTableModel.getValueAt(ResultSetTableModel.java:60)
	at java.desktop/javax.swing.JTable.getValueAt(JTable.java:2731)
	at java.desktop/javax.swing.JTable.prepareRenderer(JTable.java:5746)
	at java.desktop/javax.swing.plaf.basic.BasicTableUI.paintCell(BasicTableUI.java:2185)
	at java.desktop/javax.swing.plaf.basic.BasicTableUI.paintCells(BasicTableUI.java:2087)
	at java.desktop/javax.swing.plaf.basic.BasicTableUI.paint(BasicTableUI.java:1883)
	at java.desktop/javax.swing.plaf.ComponentUI.update(ComponentUI.java:161)
	at java.desktop/javax.swing.JComponent.paintComponent(JComponent.java:797)
	at java.desktop/javax.swing.JComponent.paint(JComponent.java:1074)
	at java.desktop/javax.swing.JComponent.paintChildren(JComponent.java:907)
	at java.desktop/javax.swing.JComponent.paint(JComponent.java:1083)
	at java.desktop/javax.swing.JViewport.paint(JViewport.java:737)
	at java.desktop/javax.swing.JComponent.paintChildren(JComponent.java:907)
	at java.desktop/javax.swing.JComponent.paint(JComponent.java:1083)
	at java.desktop/javax.swing.JComponent.paintChildren(JComponent.java:907)
	at java.desktop/javax.swing.JSplitPane.paintChildren(JSplitPane.java:1024)
	at java.desktop/javax.swing.JComponent.paint(JComponent.java:1083)
	at java.desktop/javax.swing.JComponent.paintChildren(JComponent.java:907)
	at java.desktop/javax.swing.JComponent.paint(JComponent.java:1083)
	at java.desktop/javax.swing.JComponent.paintChildren(JComponent.java:907)
	at java.desktop/javax.swing.JComponent.paint(JComponent.java:1083)
	at java.desktop/javax.swing.JComponent.paintToOffscreen(JComponent.java:5255)
	at java.desktop/javax.swing.RepaintManager$PaintManager.paintDoubleBufferedImpl(RepaintManager.java:1633)
	at java.desktop/javax.swing.RepaintManager$PaintManager.paintDoubleBuffered(RepaintManager.java:1608)
	at java.desktop/javax.swing.RepaintManager$PaintManager.paint(RepaintManager.java:1546)
	at java.desktop/javax.swing.RepaintManager.paint(RepaintManager.java:1313)
	at java.desktop/javax.swing.JComponent._paintImmediately(JComponent.java:5203)
	at java.desktop/javax.swing.JComponent.paintImmediately(JComponent.java:5013)
	at java.desktop/javax.swing.RepaintManager$4.run(RepaintManager.java:857)
	at java.desktop/javax.swing.RepaintManager$4.run(RepaintManager.java:840)
	at java.base/java.security.AccessController.doPrivileged(Native Method)
	at java.base/java.security.ProtectionDomain$JavaSecurityAccessImpl.doIntersectionPrivilege(ProtectionDomain.java:87)
	at java.desktop/javax.swing.RepaintManager.paintDirtyRegions(RepaintManager.java:840)
	at java.desktop/javax.swing.RepaintManager.paintDirtyRegions(RepaintManager.java:815)
	at java.desktop/javax.swing.RepaintManager.prePaintDirtyRegions(RepaintManager.java:764)
	at java.desktop/javax.swing.RepaintManager.access$1200(RepaintManager.java:69)
	at java.desktop/javax.swing.RepaintManager$ProcessingRunnable.run(RepaintManager.java:1880)
	at java.desktop/java.awt.event.InvocationEvent.dispatch(InvocationEvent.java:313)
	at java.desktop/java.awt.EventQueue.dispatchEventImpl(EventQueue.java:770)
	at java.desktop/java.awt.EventQueue.access$600(EventQueue.java:97)
	at java.desktop/java.awt.EventQueue$4.run(EventQueue.java:721)
	at java.desktop/java.awt.EventQueue$4.run(EventQueue.java:715)
	at java.base/java.security.AccessController.doPrivileged(Native Method)
	at java.base/java.security.ProtectionDomain$JavaSecurityAccessImpl.doIntersectionPrivilege(ProtectionDomain.java:87)
	at java.desktop/java.awt.EventQueue.dispatchEvent(EventQueue.java:740)
	at java.desktop/java.awt.EventDispatchThread.pumpOneEventForFilters(EventDispatchThread.java:203)
	at java.desktop/java.awt.EventDispatchThread.pumpEventsForFilter(EventDispatchThread.java:124)
	at java.desktop/java.awt.EventDispatchThread.pumpEventsForHierarchy(EventDispatchThread.java:113)
	at java.desktop/java.awt.EventDispatchThread.pumpEvents(EventDispatchThread.java:109)
	at java.desktop/java.awt.EventDispatchThread.pumpEvents(EventDispatchThread.java:101)
	at java.desktop/java.awt.EventDispatchThread.run(EventDispatchThread.java:90)
java.sql.SQLException: Please move the cursor to a data row first!
	at com.hxtt.global.SQLState.SQLException(Unknown Source)
	at com.hxtt.sql.common.e.a(Unknown Source)
	at com.hxtt.sql.common.e.getString(Unknown Source)
	at com.hxtt.sql.common.e.getObject(Unknown Source)
	at dao.ResultSetTableModel.getValueAt(ResultSetTableModel.java:60)
	at java.desktop/javax.swing.JTable.getValueAt(JTable.java:2731)
	at java.desktop/javax.swing.JTable.prepareRenderer(JTable.java:5746)
	at java.desktop/javax.swing.plaf.basic.BasicTableUI.paintCell(BasicTableUI.java:2185)
	at java.desktop/javax.swing.plaf.basic.BasicTableUI.paintCells(BasicTableUI.java:2087)
	at java.desktop/javax.swing.plaf.basic.BasicTableUI.paint(BasicTableUI.java:1883)
	at java.desktop/javax.swing.plaf.ComponentUI.update(ComponentUI.java:161)
	at java.desktop/javax.swing.JComponent.paintComponent(JComponent.java:797)
	at java.desktop/javax.swing.JComponent.paint(JComponent.java:1074)
	at java.desktop/javax.swing.JComponent.paintChildren(JComponent.java:907)
	at java.desktop/javax.swing.JComponent.paint(JComponent.java:1083)
	at java.desktop/javax.swing.JViewport.paint(JViewport.java:737)
	at java.desktop/javax.swing.JComponent.paintChildren(JComponent.java:907)
	at java.desktop/javax.swing.JComponent.paint(JComponent.java:1083)
	at java.desktop/javax.swing.JComponent.paintChildren(JComponent.java:907)
	at java.desktop/javax.swing.JSplitPane.paintChildren(JSplitPane.java:1024)
	at java.desktop/javax.swing.JComponent.paint(JComponent.java:1083)
	at java.desktop/javax.swing.JComponent.paintChildren(JComponent.java:907)
	at java.desktop/javax.swing.JComponent.paint(JComponent.java:1083)
	at java.desktop/javax.swing.JComponent.paintChildren(JComponent.java:907)
	at java.desktop/javax.swing.JComponent.paint(JComponent.java:1083)
	at java.desktop/javax.swing.JComponent.paintToOffscreen(JComponent.java:5255)
	at java.desktop/javax.swing.RepaintManager$PaintManager.paintDoubleBufferedImpl(RepaintManager.java:1633)
	at java.desktop/javax.swing.RepaintManager$PaintManager.paintDoubleBuffered(RepaintManager.java:1608)
	at java.desktop/javax.swing.RepaintManager$PaintManager.paint(RepaintManager.java:1546)
	at java.desktop/javax.swing.RepaintManager.paint(RepaintManager.java:1313)
	at java.desktop/javax.swing.JComponent._paintImmediately(JComponent.java:5203)
	at java.desktop/javax.swing.JComponent.paintImmediately(JComponent.java:5013)
	at java.desktop/javax.swing.RepaintManager$4.run(RepaintManager.java:857)
	at java.desktop/javax.swing.RepaintManager$4.run(RepaintManager.java:840)
	at java.base/java.security.AccessController.doPrivileged(Native Method)
	at java.base/java.security.ProtectionDomain$JavaSecurityAccessImpl.doIntersectionPrivilege(ProtectionDomain.java:87)
	at java.desktop/javax.swing.RepaintManager.paintDirtyRegions(RepaintManager.java:840)
	at java.desktop/javax.swing.RepaintManager.paintDirtyRegions(RepaintManager.java:815)
	at java.desktop/javax.swing.RepaintManager.prePaintDirtyRegions(RepaintManager.java:764)
	at java.desktop/javax.swing.RepaintManager.access$1200(RepaintManager.java:69)
	at java.desktop/javax.swing.RepaintManager$ProcessingRunnable.run(RepaintManager.java:1880)
	at java.desktop/java.awt.event.InvocationEvent.dispatch(InvocationEvent.java:313)
	at java.desktop/java.awt.EventQueue.dispatchEventImpl(EventQueue.java:770)
	at java.desktop/java.awt.EventQueue.access$600(EventQueue.java:97)
	at java.desktop/java.awt.EventQueue$4.run(EventQueue.java:721)
	at java.desktop/java.awt.EventQueue$4.run(EventQueue.java:715)
	at java.base/java.security.AccessController.doPrivileged(Native Method)
	at java.base/java.security.ProtectionDomain$JavaSecurityAccessImpl.doIntersectionPrivilege(ProtectionDomain.java:87)
	at java.desktop/java.awt.EventQueue.dispatchEvent(EventQueue.java:740)
	at java.desktop/java.awt.EventDispatchThread.pumpOneEventForFilters(EventDispatchThread.java:203)
	at java.desktop/java.awt.EventDispatchThread.pumpEventsForFilter(EventDispatchThread.java:124)
	at java.desktop/java.awt.EventDispatchThread.pumpEventsForHierarchy(EventDispatchThread.java:113)
	at java.desktop/java.awt.EventDispatchThread.pumpEvents(EventDispatchThread.java:109)
	at java.desktop/java.awt.EventDispatchThread.pumpEvents(EventDispatchThread.java:101)
	at java.desktop/java.awt.EventDispatchThread.run(EventDispatchThread.java:90)
java.sql.SQLException: Please move the cursor to a data row first!
	at com.hxtt.global.SQLState.SQLException(Unknown Source)
	at com.hxtt.sql.common.e.a(Unknown Source)
	at com.hxtt.sql.common.e.getString(Unknown Source)
	at com.hxtt.sql.common.e.getObject(Unknown Source)
	at dao.ResultSetTableModel.getValueAt(ResultSetTableModel.java:60)
	at java.desktop/javax.swing.JTable.getValueAt(JTable.java:2731)
	at java.desktop/javax.swing.JTable.prepareRenderer(JTable.java:5746)
	at java.desktop/javax.swing.plaf.basic.BasicTableUI.paintCell(BasicTableUI.java:2185)
	at java.desktop/javax.swing.plaf.basic.BasicTableUI.paintCells(BasicTableUI.java:2087)
	at java.desktop/javax.swing.plaf.basic.BasicTableUI.paint(BasicTableUI.java:1883)
	at java.desktop/javax.swing.plaf.ComponentUI.update(ComponentUI.java:161)
	at java.desktop/javax.swing.JComponent.paintComponent(JComponent.java:797)
	at java.desktop/javax.swing.JComponent.paint(JComponent.java:1074)
	at java.desktop/javax.swing.JComponent.paintChildren(JComponent.java:907)
	at java.desktop/javax.swing.JComponent.paint(JComponent.java:1083)
	at java.desktop/javax.swing.JViewport.paint(JViewport.java:737)
	at java.desktop/javax.swing.JComponent.paintChildren(JComponent.java:907)
	at java.desktop/javax.swing.JComponent.paint(JComponent.java:1083)
	at java.desktop/javax.swing.JComponent.paintChildren(JComponent.java:907)
	at java.desktop/javax.swing.JSplitPane.paintChildren(JSplitPane.java:1024)
	at java.desktop/javax.swing.JComponent.paint(JComponent.java:1083)
	at java.desktop/javax.swing.JComponent.paintChildren(JComponent.java:907)
	at java.desktop/javax.swing.JComponent.paint(JComponent.java:1083)
	at java.desktop/javax.swing.JComponent.paintChildren(JComponent.java:907)
	at java.desktop/javax.swing.JComponent.paint(JComponent.java:1083)
	at java.desktop/javax.swing.JComponent.paintToOffscreen(JComponent.java:5255)
	at java.desktop/javax.swing.RepaintManager$PaintManager.paintDoubleBufferedImpl(RepaintManager.java:1633)
	at java.desktop/javax.swing.RepaintManager$PaintManager.paintDoubleBuffered(RepaintManager.java:1608)
	at java.desktop/javax.swing.RepaintManager$PaintManager.paint(RepaintManager.java:1546)
	at java.desktop/javax.swing.RepaintManager.paint(RepaintManager.java:1313)
	at java.desktop/javax.swing.JComponent._paintImmediately(JComponent.java:5203)
	at java.desktop/javax.swing.JComponent.paintImmediately(JComponent.java:5013)
	at java.desktop/javax.swing.RepaintManager$4.run(RepaintManager.java:857)
	at java.desktop/javax.swing.RepaintManager$4.run(RepaintManager.java:840)
	at java.base/java.security.AccessController.doPrivileged(Native Method)
	at java.base/java.security.ProtectionDomain$JavaSecurityAccessImpl.doIntersectionPrivilege(ProtectionDomain.java:87)
	at java.desktop/javax.swing.RepaintManager.paintDirtyRegions(RepaintManager.java:840)
	at java.desktop/javax.swing.RepaintManager.paintDirtyRegions(RepaintManager.java:815)
	at java.desktop/javax.swing.RepaintManager.prePaintDirtyRegions(RepaintManager.java:764)
	at java.desktop/javax.swing.RepaintManager.access$1200(RepaintManager.java:69)
	at java.desktop/javax.swing.RepaintManager$ProcessingRunnable.run(RepaintManager.java:1880)
	at java.desktop/java.awt.event.InvocationEvent.dispatch(InvocationEvent.java:313)
	at java.desktop/java.awt.EventQueue.dispatchEventImpl(EventQueue.java:770)
	at java.desktop/java.awt.EventQueue.access$600(EventQueue.java:97)
	at java.desktop/java.awt.EventQueue$4.run(EventQueue.java:721)
	at java.desktop/java.awt.EventQueue$4.run(EventQueue.java:715)
	at java.base/java.security.AccessController.doPrivileged(Native Method)
	at java.base/java.security.ProtectionDomain$JavaSecurityAccessImpl.doIntersectionPrivilege(ProtectionDomain.java:87)
	at java.desktop/java.awt.EventQueue.dispatchEvent(EventQueue.java:740)
	at java.desktop/java.awt.EventDispatchThread.pumpOneEventForFilters(EventDispatchThread.java:203)
	at java.desktop/java.awt.EventDispatchThread.pumpEventsForFilter(EventDispatchThread.java:124)
	at java.desktop/java.awt.EventDispatchThread.pumpEventsForHierarchy(EventDispatchThread.java:113)
	at java.desktop/java.awt.EventDispatchThread.pumpEvents(EventDispatchThread.java:109)
	at java.desktop/java.awt.EventDispatchThread.pumpEvents(EventDispatchThread.java:101)
	at java.desktop/java.awt.EventDispatchThread.run(EventDispatchThread.java:90)
java.sql.SQLException: Please move the cursor to a data row first!
	at com.hxtt.global.SQLState.SQLException(Unknown Source)
	at com.hxtt.sql.common.e.a(Unknown Source)
	at com.hxtt.sql.common.e.getString(Unknown Source)
	at com.hxtt.sql.common.e.getObject(Unknown Source)
	at dao.ResultSetTableModel.getValueAt(ResultSetTableModel.java:60)
	at java.desktop/javax.swing.JTable.getValueAt(JTable.java:2731)
	at java.desktop/javax.swing.JTable.prepareRenderer(JTable.java:5746)
	at java.desktop/javax.swing.plaf.basic.BasicTableUI.paintCell(BasicTableUI.java:2185)
	at java.desktop/javax.swing.plaf.basic.BasicTableUI.paintCells(BasicTableUI.java:2087)
	at java.desktop/javax.swing.plaf.basic.BasicTableUI.paint(BasicTableUI.java:1883)
	at java.desktop/javax.swing.plaf.ComponentUI.update(ComponentUI.java:161)
	at java.desktop/javax.swing.JComponent.paintComponent(JComponent.java:797)
	at java.desktop/javax.swing.JComponent.paint(JComponent.java:1074)
	at java.desktop/javax.swing.JComponent.paintChildren(JComponent.java:907)
	at java.desktop/javax.swing.JComponent.paint(JComponent.java:1083)
	at java.desktop/javax.swing.JViewport.paint(JViewport.java:737)
	at java.desktop/javax.swing.JComponent.paintChildren(JComponent.java:907)
	at java.desktop/javax.swing.JComponent.paint(JComponent.java:1083)
	at java.desktop/javax.swing.JComponent.paintChildren(JComponent.java:907)
	at java.desktop/javax.swing.JSplitPane.paintChildren(JSplitPane.java:1024)
	at java.desktop/javax.swing.JComponent.paint(JComponent.java:1083)
	at java.desktop/javax.swing.JComponent.paintChildren(JComponent.java:907)
	at java.desktop/javax.swing.JComponent.paint(JComponent.java:1083)
	at java.desktop/javax.swing.JComponent.paintChildren(JComponent.java:907)
	at java.desktop/javax.swing.JComponent.paint(JComponent.java:1083)
	at java.desktop/javax.swing.JComponent.paintToOffscreen(JComponent.java:5255)
	at java.desktop/javax.swing.RepaintManager$PaintManager.paintDoubleBufferedImpl(RepaintManager.java:1633)
	at java.desktop/javax.swing.RepaintManager$PaintManager.paintDoubleBuffered(RepaintManager.java:1608)
	at java.desktop/javax.swing.RepaintManager$PaintManager.paint(RepaintManager.java:1546)
	at java.desktop/javax.swing.RepaintManager.paint(RepaintManager.java:1313)
	at java.desktop/javax.swing.JComponent._paintImmediately(JComponent.java:5203)
	at java.desktop/javax.swing.JComponent.paintImmediately(JComponent.java:5013)
	at java.desktop/javax.swing.RepaintManager$4.run(RepaintManager.java:857)
	at java.desktop/javax.swing.RepaintManager$4.run(RepaintManager.java:840)
	at java.base/java.security.AccessController.doPrivileged(Native Method)
	at java.base/java.security.ProtectionDomain$JavaSecurityAccessImpl.doIntersectionPrivilege(ProtectionDomain.java:87)
	at java.desktop/javax.swing.RepaintManager.paintDirtyRegions(RepaintManager.java:840)
	at java.desktop/javax.swing.RepaintManager.paintDirtyRegions(RepaintManager.java:815)
	at java.desktop/javax.swing.RepaintManager.prePaintDirtyRegions(RepaintManager.java:764)
	at java.desktop/javax.swing.RepaintManager.access$1200(RepaintManager.java:69)
	at java.desktop/javax.swing.RepaintManager$ProcessingRunnable.run(RepaintManager.java:1880)
	at java.desktop/java.awt.event.InvocationEvent.dispatch(InvocationEvent.java:313)
	at java.desktop/java.awt.EventQueue.dispatchEventImpl(EventQueue.java:770)
	at java.desktop/java.awt.EventQueue.access$600(EventQueue.java:97)
	at java.desktop/java.awt.EventQueue$4.run(EventQueue.java:721)
	at java.desktop/java.awt.EventQueue$4.run(EventQueue.java:715)
	at java.base/java.security.AccessController.doPrivileged(Native Method)
	at java.base/java.security.ProtectionDomain$JavaSecurityAccessImpl.doIntersectionPrivilege(ProtectionDomain.java:87)
	at java.desktop/java.awt.EventQueue.dispatchEvent(EventQueue.java:740)
	at java.desktop/java.awt.EventDispatchThread.pumpOneEventForFilters(EventDispatchThread.java:203)
	at java.desktop/java.awt.EventDispatchThread.pumpEventsForFilter(EventDispatchThread.java:124)
	at java.desktop/java.awt.EventDispatchThread.pumpEventsForHierarchy(EventDispatchThread.java:113)
	at java.desktop/java.awt.EventDispatchThread.pumpEvents(EventDispatchThread.java:109)
	at java.desktop/java.awt.EventDispatchThread.pumpEvents(EventDispatchThread.java:101)
	at java.desktop/java.awt.EventDispatchThread.run(EventDispatchThread.java:90)
java.sql.SQLException: Please move the cursor to a data row first!
	at com.hxtt.global.SQLState.SQLException(Unknown Source)
	at com.hxtt.sql.common.e.a(Unknown Source)
	at com.hxtt.sql.common.e.getString(Unknown Source)
	at com.hxtt.sql.common.e.getObject(Unknown Source)
	at dao.ResultSetTableModel.getValueAt(ResultSetTableModel.java:60)
	at java.desktop/javax.swing.JTable.getValueAt(JTable.java:2731)
	at java.desktop/javax.swing.JTable.prepareRenderer(JTable.java:5746)
	at java.desktop/javax.swing.plaf.basic.BasicTableUI.paintCell(BasicTableUI.java:2185)
	at java.desktop/javax.swing.plaf.basic.BasicTableUI.paintCells(BasicTableUI.java:2087)
	at java.desktop/javax.swing.plaf.basic.BasicTableUI.paint(BasicTableUI.java:1883)
	at java.desktop/javax.swing.plaf.ComponentUI.update(ComponentUI.java:161)
	at java.desktop/javax.swing.JComponent.paintComponent(JComponent.java:797)
	at java.desktop/javax.swing.JComponent.paint(JComponent.java:1074)
	at java.desktop/javax.swing.JComponent.paintChildren(JComponent.java:907)
	at java.desktop/javax.swing.JComponent.paint(JComponent.java:1083)
	at java.desktop/javax.swing.JViewport.paint(JViewport.java:737)
	at java.desktop/javax.swing.JComponent.paintChildren(JComponent.java:907)
	at java.desktop/javax.swing.JComponent.paint(JComponent.java:1083)
	at java.desktop/javax.swing.JComponent.paintChildren(JComponent.java:907)
	at java.desktop/javax.swing.JSplitPane.paintChildren(JSplitPane.java:1024)
	at java.desktop/javax.swing.JComponent.paint(JComponent.java:1083)
	at java.desktop/javax.swing.JComponent.paintChildren(JComponent.java:907)
	at java.desktop/javax.swing.JComponent.paint(JComponent.java:1083)
	at java.desktop/javax.swing.JComponent.paintChildren(JComponent.java:907)
	at java.desktop/javax.swing.JComponent.paint(JComponent.java:1083)
	at java.desktop/javax.swing.JComponent.paintToOffscreen(JComponent.java:5255)
	at java.desktop/javax.swing.RepaintManager$PaintManager.paintDoubleBufferedImpl(RepaintManager.java:1633)
	at java.desktop/javax.swing.RepaintManager$PaintManager.paintDoubleBuffered(RepaintManager.java:1608)
	at java.desktop/javax.swing.RepaintManager$PaintManager.paint(RepaintManager.java:1546)
	at java.desktop/javax.swing.RepaintManager.paint(RepaintManager.java:1313)
	at java.desktop/javax.swing.JComponent._paintImmediately(JComponent.java:5203)
	at java.desktop/javax.swing.JComponent.paintImmediately(JComponent.java:5013)
	at java.desktop/javax.swing.RepaintManager$4.run(RepaintManager.java:857)
	at java.desktop/javax.swing.RepaintManager$4.run(RepaintManager.java:840)
	at java.base/java.security.AccessController.doPrivileged(Native Method)
	at java.base/java.security.ProtectionDomain$JavaSecurityAccessImpl.doIntersectionPrivilege(ProtectionDomain.java:87)
	at java.desktop/javax.swing.RepaintManager.paintDirtyRegions(RepaintManager.java:840)
	at java.desktop/javax.swing.RepaintManager.paintDirtyRegions(RepaintManager.java:815)
	at java.desktop/javax.swing.RepaintManager.prePaintDirtyRegions(RepaintManager.java:764)
	at java.desktop/javax.swing.RepaintManager.access$1200(RepaintManager.java:69)
	at java.desktop/javax.swing.RepaintManager$ProcessingRunnable.run(RepaintManager.java:1880)
	at java.desktop/java.awt.event.InvocationEvent.dispatch(InvocationEvent.java:313)
	at java.desktop/java.awt.EventQueue.dispatchEventImpl(EventQueue.java:770)
	at java.desktop/java.awt.EventQueue.access$600(EventQueue.java:97)
	at java.desktop/java.awt.EventQueue$4.run(EventQueue.java:721)
	at java.desktop/java.awt.EventQueue$4.run(EventQueue.java:715)
	at java.base/java.security.AccessController.doPrivileged(Native Method)
	at java.base/java.security.ProtectionDomain$JavaSecurityAccessImpl.doIntersectionPrivilege(ProtectionDomain.java:87)
	at java.desktop/java.awt.EventQueue.dispatchEvent(EventQueue.java:740)
	at java.desktop/java.awt.EventDispatchThread.pumpOneEventForFilters(EventDispatchThread.java:203)
	at java.desktop/java.awt.EventDispatchThread.pumpEventsForFilter(EventDispatchThread.java:124)
	at java.desktop/java.awt.EventDispatchThread.pumpEventsForHierarchy(EventDispatchThread.java:113)
	at java.desktop/java.awt.EventDispatchThread.pumpEvents(EventDispatchThread.java:109)
	at java.desktop/java.awt.EventDispatchThread.pumpEvents(EventDispatchThread.java:101)
	at java.desktop/java.awt.EventDispatchThread.run(EventDispatchThread.java:90)
java.sql.SQLException: Please move the cursor to a data row first!
	at com.hxtt.global.SQLState.SQLException(Unknown Source)
	at com.hxtt.sql.common.e.a(Unknown Source)
	at com.hxtt.sql.common.e.getString(Unknown Source)
	at com.hxtt.sql.common.e.getObject(Unknown Source)
	at dao.ResultSetTableModel.getValueAt(ResultSetTableModel.java:60)
	at java.desktop/javax.swing.JTable.getValueAt(JTable.java:2731)
	at java.desktop/javax.swing.JTable.prepareRenderer(JTable.java:5746)
	at java.desktop/javax.swing.plaf.basic.BasicTableUI.paintCell(BasicTableUI.java:2185)
	at java.desktop/javax.swing.plaf.basic.BasicTableUI.paintCells(BasicTableUI.java:2087)
	at java.desktop/javax.swing.plaf.basic.BasicTableUI.paint(BasicTableUI.java:1883)
	at java.desktop/javax.swing.plaf.ComponentUI.update(ComponentUI.java:161)
	at java.desktop/javax.swing.JComponent.paintComponent(JComponent.java:797)
	at java.desktop/javax.swing.JComponent.paint(JComponent.java:1074)
	at java.desktop/javax.swing.JComponent.paintChildren(JComponent.java:907)
	at java.desktop/javax.swing.JComponent.paint(JComponent.java:1083)
	at java.desktop/javax.swing.JViewport.paint(JViewport.java:737)
	at java.desktop/javax.swing.JComponent.paintChildren(JComponent.java:907)
	at java.desktop/javax.swing.JComponent.paint(JComponent.java:1083)
	at java.desktop/javax.swing.JComponent.paintChildren(JComponent.java:907)
	at java.desktop/javax.swing.JSplitPane.paintChildren(JSplitPane.java:1024)
	at java.desktop/javax.swing.JComponent.paint(JComponent.java:1083)
	at java.desktop/javax.swing.JComponent.paintChildren(JComponent.java:907)
	at java.desktop/javax.swing.JComponent.paint(JComponent.java:1083)
	at java.desktop/javax.swing.JComponent.paintChildren(JComponent.java:907)
	at java.desktop/javax.swing.JComponent.paint(JComponent.java:1083)
	at java.desktop/javax.swing.JComponent.paintToOffscreen(JComponent.java:5255)
	at java.desktop/javax.swing.RepaintManager$PaintManager.paintDoubleBufferedImpl(RepaintManager.java:1633)
	at java.desktop/javax.swing.RepaintManager$PaintManager.paintDoubleBuffered(RepaintManager.java:1608)
	at java.desktop/javax.swing.RepaintManager$PaintManager.paint(RepaintManager.java:1546)
	at java.desktop/javax.swing.RepaintManager.paint(RepaintManager.java:1313)
	at java.desktop/javax.swing.JComponent._paintImmediately(JComponent.java:5203)
	at java.desktop/javax.swing.JComponent.paintImmediately(JComponent.java:5013)
	at java.desktop/javax.swing.RepaintManager$4.run(RepaintManager.java:857)
	at java.desktop/javax.swing.RepaintManager$4.run(RepaintManager.java:840)
	at java.base/java.security.AccessController.doPrivileged(Native Method)
	at java.base/java.security.ProtectionDomain$JavaSecurityAccessImpl.doIntersectionPrivilege(ProtectionDomain.java:87)
	at java.desktop/javax.swing.RepaintManager.paintDirtyRegions(RepaintManager.java:840)
	at java.desktop/javax.swing.RepaintManager.paintDirtyRegions(RepaintManager.java:815)
	at java.desktop/javax.swing.RepaintManager.prePaintDirtyRegions(RepaintManager.java:764)
	at java.desktop/javax.swing.RepaintManager.access$1200(RepaintManager.java:69)
	at java.desktop/javax.swing.RepaintManager$ProcessingRunnable.run(RepaintManager.java:1880)
	at java.desktop/java.awt.event.InvocationEvent.dispatch(InvocationEvent.java:313)
	at java.desktop/java.awt.EventQueue.dispatchEventImpl(EventQueue.java:770)
	at java.desktop/java.awt.EventQueue.access$600(EventQueue.java:97)
	at java.desktop/java.awt.EventQueue$4.run(EventQueue.java:721)
	at java.desktop/java.awt.EventQueue$4.run(EventQueue.java:715)
	at java.base/java.security.AccessController.doPrivileged(Native Method)
	at java.base/java.security.ProtectionDomain$JavaSecurityAccessImpl.doIntersectionPrivilege(ProtectionDomain.java:87)
	at java.desktop/java.awt.EventQueue.dispatchEvent(EventQueue.java:740)
	at java.desktop/java.awt.EventDispatchThread.pumpOneEventForFilters(EventDispatchThread.java:203)
	at java.desktop/java.awt.EventDispatchThread.pumpEventsForFilter(EventDispatchThread.java:124)
	at java.desktop/java.awt.EventDispatchThread.pumpEventsForHierarchy(EventDispatchThread.java:113)
	at java.desktop/java.awt.EventDispatchThread.pumpEvents(EventDispatchThread.java:109)
	at java.desktop/java.awt.EventDispatchThread.pumpEvents(EventDispatchThread.java:101)
	at java.desktop/java.awt.EventDispatchThread.run(EventDispatchThread.java:90)
java.sql.SQLException: Please move the cursor to a data row first!
	at com.hxtt.global.SQLState.SQLException(Unknown Source)
	at com.hxtt.sql.common.e.a(Unknown Source)
	at com.hxtt.sql.common.e.getString(Unknown Source)
	at com.hxtt.sql.common.e.getObject(Unknown Source)
	at dao.ResultSetTableModel.getValueAt(ResultSetTableModel.java:60)
	at java.desktop/javax.swing.JTable.getValueAt(JTable.java:2731)
	at java.desktop/javax.swing.JTable.prepareRenderer(JTable.java:5746)
	at java.desktop/javax.swing.plaf.basic.BasicTableUI.paintCell(BasicTableUI.java:2185)
	at java.desktop/javax.swing.plaf.basic.BasicTableUI.paintCells(BasicTableUI.java:2087)
	at java.desktop/javax.swing.plaf.basic.BasicTableUI.paint(BasicTableUI.java:1883)
	at java.desktop/javax.swing.plaf.ComponentUI.update(ComponentUI.java:161)
	at java.desktop/javax.swing.JComponent.paintComponent(JComponent.java:797)
	at java.desktop/javax.swing.JComponent.paint(JComponent.java:1074)
	at java.desktop/javax.swing.JComponent.paintChildren(JComponent.java:907)
	at java.desktop/javax.swing.JComponent.paint(JComponent.java:1083)
	at java.desktop/javax.swing.JViewport.paint(JViewport.java:737)
	at java.desktop/javax.swing.JComponent.paintChildren(JComponent.java:907)
	at java.desktop/javax.swing.JComponent.paint(JComponent.java:1083)
	at java.desktop/javax.swing.JComponent.paintChildren(JComponent.java:907)
	at java.desktop/javax.swing.JSplitPane.paintChildren(JSplitPane.java:1024)
	at java.desktop/javax.swing.JComponent.paint(JComponent.java:1083)
	at java.desktop/javax.swing.JComponent.paintChildren(JComponent.java:907)
	at java.desktop/javax.swing.JComponent.paint(JComponent.java:1083)
	at java.desktop/javax.swing.JComponent.paintChildren(JComponent.java:907)
	at java.desktop/javax.swing.JComponent.paint(JComponent.java:1083)
	at java.desktop/javax.swing.JComponent.paintToOffscreen(JComponent.java:5255)
	at java.desktop/javax.swing.RepaintManager$PaintManager.paintDoubleBufferedImpl(RepaintManager.java:1633)
	at java.desktop/javax.swing.RepaintManager$PaintManager.paintDoubleBuffered(RepaintManager.java:1608)
	at java.desktop/javax.swing.RepaintManager$PaintManager.paint(RepaintManager.java:1546)
	at java.desktop/javax.swing.RepaintManager.paint(RepaintManager.java:1313)
	at java.desktop/javax.swing.JComponent._paintImmediately(JComponent.java:5203)
	at java.desktop/javax.swing.JComponent.paintImmediately(JComponent.java:5013)
	at java.desktop/javax.swing.RepaintManager$4.run(RepaintManager.java:857)
	at java.desktop/javax.swing.RepaintManager$4.run(RepaintManager.java:840)
	at java.base/java.security.AccessController.doPrivileged(Native Method)
	at java.base/java.security.ProtectionDomain$JavaSecurityAccessImpl.doIntersectionPrivilege(ProtectionDomain.java:87)
	at java.desktop/javax.swing.RepaintManager.paintDirtyRegions(RepaintManager.java:840)
	at java.desktop/javax.swing.RepaintManager.paintDirtyRegions(RepaintManager.java:815)
	at java.desktop/javax.swing.RepaintManager.prePaintDirtyRegions(RepaintManager.java:764)
	at java.desktop/javax.swing.RepaintManager.access$1200(RepaintManager.java:69)
	at java.desktop/javax.swing.RepaintManager$ProcessingRunnable.run(RepaintManager.java:1880)
	at java.desktop/java.awt.event.InvocationEvent.dispatch(InvocationEvent.java:313)
	at java.desktop/java.awt.EventQueue.dispatchEventImpl(EventQueue.java:770)
	at java.desktop/java.awt.EventQueue.access$600(EventQueue.java:97)
	at java.desktop/java.awt.EventQueue$4.run(EventQueue.java:721)
	at java.desktop/java.awt.EventQueue$4.run(EventQueue.java:715)
	at java.base/java.security.AccessController.doPrivileged(Native Method)
	at java.base/java.security.ProtectionDomain$JavaSecurityAccessImpl.doIntersectionPrivilege(ProtectionDomain.java:87)
	at java.desktop/java.awt.EventQueue.dispatchEvent(EventQueue.java:740)
	at java.desktop/java.awt.EventDispatchThread.pumpOneEventForFilters(EventDispatchThread.java:203)
	at java.desktop/java.awt.EventDispatchThread.pumpEventsForFilter(EventDispatchThread.java:124)
	at java.desktop/java.awt.EventDispatchThread.pumpEventsForHierarchy(EventDispatchThread.java:113)
	at java.desktop/java.awt.EventDispatchThread.pumpEvents(EventDispatchThread.java:109)
	at java.desktop/java.awt.EventDispatchThread.pumpEvents(EventDispatchThread.java:101)
	at java.desktop/java.awt.EventDispatchThread.run(EventDispatchThread.java:90)
java.sql.SQLException: Please move the cursor to a data row first!
	at com.hxtt.global.SQLState.SQLException(Unknown Source)
	at com.hxtt.sql.common.e.a(Unknown Source)
	at com.hxtt.sql.common.e.getString(Unknown Source)
	at com.hxtt.sql.common.e.getObject(Unknown Source)
	at dao.ResultSetTableModel.getValueAt(ResultSetTableModel.java:60)
	at java.desktop/javax.swing.JTable.getValueAt(JTable.java:2731)
	at java.desktop/javax.swing.JTable.prepareRenderer(JTable.java:5746)
	at java.desktop/javax.swing.plaf.basic.BasicTableUI.paintCell(BasicTableUI.java:2185)
	at java.desktop/javax.swing.plaf.basic.BasicTableUI.paintCells(BasicTableUI.java:2087)
	at java.desktop/javax.swing.plaf.basic.BasicTableUI.paint(BasicTableUI.java:1883)
	at java.desktop/javax.swing.plaf.ComponentUI.update(ComponentUI.java:161)
	at java.desktop/javax.swing.JComponent.paintComponent(JComponent.java:797)
	at java.desktop/javax.swing.JComponent.paint(JComponent.java:1074)
	at java.desktop/javax.swing.JComponent.paintChildren(JComponent.java:907)
	at java.desktop/javax.swing.JComponent.paint(JComponent.java:1083)
	at java.desktop/javax.swing.JViewport.paint(JViewport.java:737)
	at java.desktop/javax.swing.JComponent.paintChildren(JComponent.java:907)
	at java.desktop/javax.swing.JComponent.paint(JComponent.java:1083)
	at java.desktop/javax.swing.JComponent.paintChildren(JComponent.java:907)
	at java.desktop/javax.swing.JSplitPane.paintChildren(JSplitPane.java:1024)
	at java.desktop/javax.swing.JComponent.paint(JComponent.java:1083)
	at java.desktop/javax.swing.JComponent.paintChildren(JComponent.java:907)
	at java.desktop/javax.swing.JComponent.paint(JComponent.java:1083)
	at java.desktop/javax.swing.JComponent.paintChildren(JComponent.java:907)
	at java.desktop/javax.swing.JComponent.paint(JComponent.java:1083)
	at java.desktop/javax.swing.JComponent.paintToOffscreen(JComponent.java:5255)
	at java.desktop/javax.swing.RepaintManager$PaintManager.paintDoubleBufferedImpl(RepaintManager.java:1633)
	at java.desktop/javax.swing.RepaintManager$PaintManager.paintDoubleBuffered(RepaintManager.java:1608)
	at java.desktop/javax.swing.RepaintManager$PaintManager.paint(RepaintManager.java:1546)
	at java.desktop/javax.swing.RepaintManager.paint(RepaintManager.java:1313)
	at java.desktop/javax.swing.JComponent._paintImmediately(JComponent.java:5203)
	at java.desktop/javax.swing.JComponent.paintImmediately(JComponent.java:5013)
	at java.desktop/javax.swing.RepaintManager$4.run(RepaintManager.java:857)
	at java.desktop/javax.swing.RepaintManager$4.run(RepaintManager.java:840)
	at java.base/java.security.AccessController.doPrivileged(Native Method)
	at java.base/java.security.ProtectionDomain$JavaSecurityAccessImpl.doIntersectionPrivilege(ProtectionDomain.java:87)
	at java.desktop/javax.swing.RepaintManager.paintDirtyRegions(RepaintManager.java:840)
	at java.desktop/javax.swing.RepaintManager.paintDirtyRegions(RepaintManager.java:815)
	at java.desktop/javax.swing.RepaintManager.prePaintDirtyRegions(RepaintManager.java:764)
	at java.desktop/javax.swing.RepaintManager.access$1200(RepaintManager.java:69)
	at java.desktop/javax.swing.RepaintManager$ProcessingRunnable.run(RepaintManager.java:1880)
	at java.desktop/java.awt.event.InvocationEvent.dispatch(InvocationEvent.java:313)
	at java.desktop/java.awt.EventQueue.dispatchEventImpl(EventQueue.java:770)
	at java.desktop/java.awt.EventQueue.access$600(EventQueue.java:97)
	at java.desktop/java.awt.EventQueue$4.run(EventQueue.java:721)
	at java.desktop/java.awt.EventQueue$4.run(EventQueue.java:715)
	at java.base/java.security.AccessController.doPrivileged(Native Method)
	at java.base/java.security.ProtectionDomain$JavaSecurityAccessImpl.doIntersectionPrivilege(ProtectionDomain.java:87)
	at java.desktop/java.awt.EventQueue.dispatchEvent(EventQueue.java:740)
	at java.desktop/java.awt.EventDispatchThread.pumpOneEventForFilters(EventDispatchThread.java:203)
	at java.desktop/java.awt.EventDispatchThread.pumpEventsForFilter(EventDispatchThread.java:124)
	at java.desktop/java.awt.EventDispatchThread.pumpEventsForHierarchy(EventDispatchThread.java:113)
	at java.desktop/java.awt.EventDispatchThread.pumpEvents(EventDispatchThread.java:109)
	at java.desktop/java.awt.EventDispatchThread.pumpEvents(EventDispatchThread.java:101)
	at java.desktop/java.awt.EventDispatchThread.run(EventDispatchThread.java:90)
